# JRE version: Java(TM) SE Runtime Environment (23.0.2+7) (build 23.0.2+7-58)
# Java VM: Java HotSpot(TM) 64-Bit Server VM (23.0.2+7-58, mixed mode, sharing, tiered, compressed oops, compressed class ptrs, g1 gc, windows-amd64)
GC Precious Log:
 CardTable entry size: 512
 Card Set container configuration: InlinePtr #cards 5 size 8 Array Of Cards #cards 10 size 36 Howl #buckets 4 coarsen threshold 1843 Howl Bitmap #cards 512 size 80 coarsen threshold 460 Card regions per heap region 1 cards per card region 2048
 CPUs: 8 total, 8 available
 Memory: 8083M
 Large Page Support: Disabled
 NUMA Support: Disabled
 Compressed Oops: Enabled (32-bit)
 Heap Region Size: 1M
 Heap Min Capacity: 8M
 Heap Initial Capacity: 128M
 Heap Max Capacity: 2022M
 Pre-touch: Disabled
 Parallel Workers: 8
 Concurrent Workers: 2
 Concurrent Refinement Workers: 8
 Periodic GC: Disabled
Heap:
 garbage-first heap   total reserved 2070528K, committed 67584K, used 53567K [0x0000000081a00000, 0x0000000100000000)
  region size 1024K, 29 young (29696K), 4 survivors (4096K)
 Metaspace       used 77226K, committed 78080K, reserved 1179648K
  class space    used 10198K, committed 10560K, reserved 1048576K
GC Heap History (20 events):
Event: 28265.381 GC heap after
{Heap after GC invocations=66 (full 7):
 garbage-first heap   total reserved 2070528K, committed 67584K, used 26626K [0x0000000081a00000, 0x0000000100000000)
  region size 1024K, 0 young (0K), 0 survivors (0K)
 Metaspace       used 75878K, committed 76608K, reserved 1179648K
  class space    used 10128K, committed 10432K, reserved 1048576K
}
Event: 28265.666 GC heap before
{Heap before GC invocations=66 (full 7):
 garbage-first heap   total reserved 2070528K, committed 67584K, used 55298K [0x0000000081a00000, 0x0000000100000000)
  region size 1024K, 28 young (28672K), 0 survivors (0K)
 Metaspace       used 75942K, committed 76608K, reserved 1179648K
  class space    used 10131K, committed 10432K, reserved 1048576K
}
Event: 28265.669 GC heap after
{Heap after GC invocations=67 (full 7):
 garbage-first heap   total reserved 2070528K, committed 67584K, used 29678K [0x0000000081a00000, 0x0000000100000000)
  region size 1024K, 3 young (3072K), 3 survivors (3072K)
 Metaspace       used 75942K, committed 76608K, reserved 1179648K
  class space    used 10131K, committed 10432K, reserved 1048576K
}
Event: 28368.922 GC heap before
{Heap before GC invocations=68 (full 7):
 garbage-first heap   total reserved 2070528K, committed 67584K, used 55278K [0x0000000081a00000, 0x0000000100000000)
  region size 1024K, 29 young (29696K), 3 survivors (3072K)
 Metaspace       used 76183K, committed 76992K, reserved 1179648K
  class space    used 10140K, committed 10496K, reserved 1048576K
}
Event: 28368.966 GC heap after
{Heap after GC invocations=69 (full 8):
 garbage-first heap   total reserved 2070528K, committed 67584K, used 26303K [0x0000000081a00000, 0x0000000100000000)
  region size 1024K, 0 young (0K), 0 survivors (0K)
 Metaspace       used 76181K, committed 76992K, reserved 1179648K
  class space    used 10140K, committed 10496K, reserved 1048576K
}
Event: 28369.337 GC heap before
{Heap before GC invocations=69 (full 8):
 garbage-first heap   total reserved 2070528K, committed 67584K, used 54975K [0x0000000081a00000, 0x0000000100000000)
  region size 1024K, 29 young (29696K), 0 survivors (0K)
 Metaspace       used 76228K, committed 76992K, reserved 1179648K
  class space    used 10143K, committed 10496K, reserved 1048576K
}
Event: 28369.340 GC heap after
{Heap after GC invocations=70 (full 8):
 garbage-first heap   total reserved 2070528K, committed 67584K, used 29505K [0x0000000081a00000, 0x0000000100000000)
  region size 1024K, 4 young (4096K), 4 survivors (4096K)
 Metaspace       used 76228K, committed 76992K, reserved 1179648K
  class space    used 10143K, committed 10496K, reserved 1048576K
}
Event: 28371.103 GC heap before
{Heap before GC invocations=71 (full 8):
 garbage-first heap   total reserved 2070528K, committed 67584K, used 52033K [0x0000000081a00000, 0x0000000100000000)
  region size 1024K, 27 young (27648K), 4 survivors (4096K)
 Metaspace       used 76449K, committed 77184K, reserved 1179648K
  class space    used 10153K, committed 10496K, reserved 1048576K
}
Event: 28371.142 GC heap after
{Heap after GC invocations=72 (full 9):
 garbage-first heap   total reserved 2070528K, committed 67584K, used 26470K [0x0000000081a00000, 0x0000000100000000)
  region size 1024K, 0 young (0K), 0 survivors (0K)
 Metaspace       used 76446K, committed 77184K, reserved 1179648K
  class space    used 10152K, committed 10496K, reserved 1048576K
}
Event: 28371.455 GC heap before
{Heap before GC invocations=72 (full 9):
 garbage-first heap   total reserved 2070528K, committed 67584K, used 55142K [0x0000000081a00000, 0x0000000100000000)
  region size 1024K, 28 young (28672K), 0 survivors (0K)
 Metaspace       used 76507K, committed 77248K, reserved 1179648K
  class space    used 10156K, committed 10496K, reserved 1048576K
}
Event: 28371.458 GC heap after
{Heap after GC invocations=73 (full 9):
 garbage-first heap   total reserved 2070528K, committed 67584K, used 29444K [0x0000000081a00000, 0x0000000100000000)
  region size 1024K, 3 young (3072K), 3 survivors (3072K)
 Metaspace       used 76507K, committed 77248K, reserved 1179648K
  class space    used 10156K, committed 10496K, reserved 1048576K
}
Event: 28377.308 GC heap before
{Heap before GC invocations=74 (full 9):
 garbage-first heap   total reserved 2070528K, committed 67584K, used 51972K [0x0000000081a00000, 0x0000000100000000)
  region size 1024K, 27 young (27648K), 3 survivors (3072K)
 Metaspace       used 76714K, committed 77440K, reserved 1179648K
  class space    used 10169K, committed 10496K, reserved 1048576K
}
Event: 28377.346 GC heap after
{Heap after GC invocations=75 (full 10):
 garbage-first heap   total reserved 2070528K, committed 67584K, used 26634K [0x0000000081a00000, 0x0000000100000000)
  region size 1024K, 0 young (0K), 0 survivors (0K)
 Metaspace       used 76711K, committed 77440K, reserved 1179648K
  class space    used 10169K, committed 10496K, reserved 1048576K
}
Event: 28377.705 GC heap before
{Heap before GC invocations=75 (full 10):
 garbage-first heap   total reserved 2070528K, committed 67584K, used 56330K [0x0000000081a00000, 0x0000000100000000)
  region size 1024K, 29 young (29696K), 0 survivors (0K)
 Metaspace       used 76772K, committed 77568K, reserved 1179648K
  class space    used 10172K, committed 10496K, reserved 1048576K
}
Event: 28377.708 GC heap after
{Heap after GC invocations=76 (full 10):
 garbage-first heap   total reserved 2070528K, committed 67584K, used 29846K [0x0000000081a00000, 0x0000000100000000)
  region size 1024K, 4 young (4096K), 4 survivors (4096K)
 Metaspace       used 76772K, committed 77568K, reserved 1179648K
  class space    used 10172K, committed 10496K, reserved 1048576K
}
Event: 28379.653 GC heap before
{Heap before GC invocations=77 (full 10):
 garbage-first heap   total reserved 2070528K, committed 67584K, used 51350K [0x0000000081a00000, 0x0000000100000000)
  region size 1024K, 27 young (27648K), 4 survivors (4096K)
 Metaspace       used 76977K, committed 77760K, reserved 1179648K
  class space    used 10187K, committed 10496K, reserved 1048576K
}
Event: 28379.698 GC heap after
{Heap after GC invocations=78 (full 11):
 garbage-first heap   total reserved 2070528K, committed 67584K, used 26798K [0x0000000081a00000, 0x0000000100000000)
  region size 1024K, 0 young (0K), 0 survivors (0K)
 Metaspace       used 76975K, committed 77760K, reserved 1179648K
  class space    used 10186K, committed 10496K, reserved 1048576K
}
Event: 28380.129 GC heap before
{Heap before GC invocations=78 (full 11):
 garbage-first heap   total reserved 2070528K, committed 67584K, used 55470K [0x0000000081a00000, 0x0000000100000000)
  region size 1024K, 28 young (28672K), 0 survivors (0K)
 Metaspace       used 77022K, committed 77824K, reserved 1179648K
  class space    used 10189K, committed 10560K, reserved 1048576K
}
Event: 28380.132 GC heap after
{Heap after GC invocations=79 (full 11):
 garbage-first heap   total reserved 2070528K, committed 67584K, used 30015K [0x0000000081a00000, 0x0000000100000000)
  region size 1024K, 4 young (4096K), 4 survivors (4096K)
 Metaspace       used 77022K, committed 77824K, reserved 1179648K
  class space    used 10189K, committed 10560K, reserved 1048576K
}
Event: 28385.132 GC heap before
{Heap before GC invocations=80 (full 11):
 garbage-first heap   total reserved 2070528K, committed 67584K, used 53567K [0x0000000081a00000, 0x0000000100000000)
  region size 1024K, 29 young (29696K), 4 survivors (4096K)
 Metaspace       used 77226K, committed 78080K, reserved 1179648K
  class space    used 10198K, committed 10560K, reserved 1048576K
}

